2012-07-20 18:45:34.410+0000: Creating new db @ /Users/samrose/Desktop/rubylogistics/java-astar-routing/target/neo4j-db/neostore
2012-07-20 18:45:34.507+0000: Opened [/Users/samrose/Desktop/rubylogistics/java-astar-routing/target/neo4j-db/nioneo_logical.log.1] clean empty log, version=0, lastTxId=1
2012-07-20 18:45:34.516+0000: TM new log: tm_tx_log.1
2012-07-20 18:45:34.538+0000: Opened [/Users/samrose/Desktop/rubylogistics/java-astar-routing/target/neo4j-db/index/lucene.log.1] clean empty log, version=0, lastTxId=1
2012-07-20 18:45:34.541+0000: --- STARTUP diagnostics START ---
2012-07-20 18:45:34.543+0000: Neo4j Kernel properties:
    store_dir=target/neo4j-db
    remote_logging_host=127.0.0.1
    read_only=false
    neo4j.ext.udc.host=udc.neo4j.org
    online_backup_enabled=false
    logical_log=nioneo_logical.log
    remote_logging_port=4560
    gc_monitor_threshold=200ms
    load_kernel_extensions=true
    array_block_size=120
    neostore.relationshipstore.db.mapped_memory=506M
    intercept_committing_transactions=false
    node_auto_indexing=false
    keep_logical_logs=true
    dump_configuration=false
    gc_monitor_wait_time=100ms
    relationship_cache_size=32489472
    cache_type=soft
    intercept_deserialized_transactions=false
    neostore.nodestore.db.mapped_memory=114M
    neo4j.ext.udc.first_delay=600000
    neo4j.ext.udc.reg=unreg
    lucene_searcher_cache_size=2147483647
    neo4j.ext.udc.interval=86400000
    use_memory_mapped_buffers=true
    rebuild_idgenerators_fast=true
    neostore.propertystore.db.index.keys.mapped_memory=1M
    neostore.propertystore.db.arrays.mapped_memory=398M
    neostore.propertystore.db.strings.mapped_memory=351M
    neo_store=neostore
    logging.threshold_for_rotation=104857600
    neostore.propertystore.db.index.mapped_memory=1M
    backup_slave=false
    neostore.propertystore.db.mapped_memory=413M
    gcr_cache_min_log_interval=60s
    relationship_auto_indexing=false
    relationship_grab_size=100
    string_block_size=120
    grab_file_lock=true
    node_cache_array_fraction=1.0
    remote_logging_enabled=false
    node_cache_size=32489472
    allow_store_upgrade=false
    execution_guard_enabled=false
    neo4j.ext.udc.enabled=true
    relationship_cache_array_fraction=1.0
    online_backup_port=6362
2012-07-20 18:45:34.547+0000: Diagnostics providers:
    org.neo4j.kernel.configuration.Config
    org.neo4j.kernel.info.DiagnosticsManager
    SYSTEM_MEMORY
    JAVA_MEMORY
    OPERATING_SYSTEM
    JAVA_VIRTUAL_MACHINE
    CLASSPATH
    LIBRARY_PATH
    SYSTEM_PROPERTIES
2012-07-20 18:45:34.547+0000: System memory information:
    Total Physical memory: 4.00 GB
    Free Physical memory: 584.96 MB
    Committed virtual memory: 2.74 GB
    Total swap space: 6.00 GB
    Free swap space: 390.54 MB
2012-07-20 18:45:34.552+0000: JVM memory information:
    Free  memory: 46.58 MB
    Total memory: 81.06 MB
    Max   memory: 123.94 MB
    Garbage Collector: ParNew: [Par Eden Space, Par Survivor Space]
    Garbage Collector: ConcurrentMarkSweep: [Par Eden Space, Par Survivor Space, CMS Old Gen, CMS Perm Gen]
    Memory Pool: Code Cache (Non-heap memory): committed=2.44 MB, used=2.03 MB, max=48.00 MB, threshold=0.00 B
    Memory Pool: Par Eden Space (Heap memory): committed=16.63 MB, used=4.34 MB, max=16.63 MB, threshold=?
    Memory Pool: Par Survivor Space (Heap memory): committed=2.06 MB, used=2.06 MB, max=2.06 MB, threshold=?
    Memory Pool: CMS Old Gen (Heap memory): committed=62.38 MB, used=28.08 MB, max=105.25 MB, threshold=0.00 B
    Memory Pool: CMS Perm Gen (Non-heap memory): committed=24.13 MB, used=24.08 MB, max=82.00 MB, threshold=0.00 B
2012-07-20 18:45:34.558+0000: Operating system information:
    Operating System: Mac OS X; version: 10.7.4; arch: x86_64; cpus: 4
    Max number of file descriptors: 10240
    Number of open file descriptors: 166
    Process id: 95092@Sams-MacBook-Air.local
    Byte order: LITTLE_ENDIAN
2012-07-20 18:45:34.568+0000: JVM information:
    VM Name: Java HotSpot(TM) 64-Bit Server VM
    VM Vendor: Apple Inc.
    VM Version: 20.8-b03-424
    JIT compiler: HotSpot 64-Bit Tiered Compilers
    VM Arguments: [-Dclassworlds.conf=/usr/share/maven/bin/m2.conf, -Dmaven.home=/usr/share/maven]
2012-07-20 18:45:34.570+0000: Java classpath:
     [loader.0] file:/Users/samrose/.m2/repository/org/scala-lang/scala-library/2.9.1-1/scala-library-2.9.1-1.jar
     [bootstrap] /System/Library/Frameworks/JavaVM.framework/Versions/A/Frameworks/JavaRuntimeSupport.framework/Versions/A/Resources/Java/JavaRuntimeSupport.jar
     [loader.2] file:/System/Library/Java/Extensions/dns_sd.jar
     [loader.0] file:/Users/samrose/.m2/repository/org/apache/lucene/lucene-core/3.5.0/lucene-core-3.5.0.jar
     [loader.2] file:/System/Library/Java/Extensions/j3dutils.jar
     [loader.2] file:/Library/Java/JavaVirtualMachines/1.6.0_33-b03-424.jdk/Contents/Home/lib/ext/localedata.jar
     [loader.2] file:/System/Library/Java/Extensions/MRJToolkit.jar
     [loader.2] file:/System/Library/Java/Extensions/jai_core.jar
     [loader.2] file:/System/Library/Java/Extensions/vecmath.jar
     [loader.2] file:/System/Library/Java/Extensions/libmlib_jai.jnilib
     [bootstrap] /Library/Java/JavaVirtualMachines/1.6.0_33-b03-424.jdk/Contents/Classes/charsets.jar
     [loader.2] file:/System/Library/Java/Extensions/jai_codec.jar
     [loader.0] file:/Users/samrose/.m2/repository/org/neo4j/neo4j-lucene-index/1.8.M05/neo4j-lucene-index-1.8.M05.jar
     [loader.2] file:/Library/Java/JavaVirtualMachines/1.6.0_33-b03-424.jdk/Contents/Home/lib/ext/sunjce_provider.jar
     [loader.0] file:/Users/samrose/.m2/repository/org/neo4j/neo4j-graph-algo/1.8.M05/neo4j-graph-algo-1.8.M05.jar
     [loader.0] file:/Users/samrose/Desktop/rubylogistics/java-astar-routing/target/classes/
     [loader.2] file:/Library/Java/JavaVirtualMachines/1.6.0_33-b03-424.jdk/Contents/Home/lib/ext/apple_provider.jar
     [loader.2] file:/System/Library/Java/Extensions/libJ3D.jnilib
     [loader.0] file:/Users/samrose/.m2/repository/org/neo4j/neo4j-cypher/1.8.M05/neo4j-cypher-1.8.M05.jar
     [bootstrap] /Library/Java/JavaVirtualMachines/1.6.0_33-b03-424.jdk/Contents/Classes/ui.jar
     [loader.2] file:/System/Library/Java/Extensions/mlibwrapper_jai.jar
     [bootstrap] /Library/Java/JavaVirtualMachines/1.6.0_33-b03-424.jdk/Contents/Classes/jsfd.jar
     [bootstrap] /Library/Java/JavaVirtualMachines/1.6.0_33-b03-424.jdk/Contents/Classes/jsse.jar
     [loader.0] file:/Users/samrose/.m2/repository/org/neo4j/neo4j-udc/1.8.M05/neo4j-udc-1.8.M05.jar
     [loader.0] file:/Users/samrose/.m2/repository/org/neo4j/neo4j-kernel/1.8.M05/neo4j-kernel-1.8.M05.jar
     [loader.2] file:/System/Library/Java/Extensions/QTJava.zip
     [loader.2] file:/Library/Java/JavaVirtualMachines/1.6.0_33-b03-424.jdk/Contents/Home/lib/ext/dnsns.jar
     [bootstrap] /Library/Java/JavaVirtualMachines/1.6.0_33-b03-424.jdk/Contents/Classes/sunrsasign.jar
     [classpath + loader.1] file:/usr/share/java/maven-3.0.3/boot/plexus-classworlds-2.4.jar
     [loader.2] file:/System/Library/Java/Extensions/libJ3DAudio.jnilib
     [loader.2] file:/System/Library/Java/Extensions/libAppleScriptEngine.jnilib
     [bootstrap] /Library/Java/JavaVirtualMachines/1.6.0_33-b03-424.jdk/Contents/Home/lib/jce.jar
     [loader.0] file:/Users/samrose/.m2/repository/org/neo4j/neo4j-jmx/1.8.M05/neo4j-jmx-1.8.M05.jar
     [loader.2] file:/Library/Java/JavaVirtualMachines/1.6.0_33-b03-424.jdk/Contents/Home/lib/ext/sunpkcs11.jar
     [loader.2] file:/System/Library/Java/Extensions/AppleScriptEngine.jar
     [loader.2] file:/System/Library/Java/Extensions/j3daudio.jar
     [loader.2] file:/System/Library/Java/Extensions/libJ3DUtils.jnilib
     [loader.2] file:/System/Library/Java/Extensions/libQTJNative.jnilib
     [loader.0] file:/Users/samrose/.m2/repository/org/apache/geronimo/specs/geronimo-jta_1.1_spec/1.1.1/geronimo-jta_1.1_spec-1.1.1.jar
     [bootstrap] /Library/Java/JavaVirtualMachines/1.6.0_33-b03-424.jdk/Contents/Classes/classes.jar
     [loader.2] file:/System/Library/Java/Extensions/j3dcore.jar
     [loader.0] file:/Users/samrose/.m2/repository/org/neo4j/neo4j-graph-matching/1.8.M05/neo4j-graph-matching-1.8.M05.jar
     [bootstrap] /Library/Java/JavaVirtualMachines/1.6.0_33-b03-424.jdk/Contents/Classes/laf.jar
2012-07-20 18:45:34.573+0000: Library path:
    /Users/samrose/Desktop/rubylogistics/java-astar-routing
    /Library/Java/Extensions
    /System/Library/Java/Extensions
    /usr/lib/java
2012-07-20 18:45:34.574+0000: System.properties:
    exec.mainClass = org.neo4j.examples.astarrouting.AStarRouting
    sun.boot.library.path = /Library/Java/JavaVirtualMachines/1.6.0_33-b03-424.jdk/Contents/Libraries
    awt.nativeDoubleBuffering = true
    gopherProxySet = false
    mrj.build = 11M3720
    guice.disable.misplaced.annotation.check = true
    path.separator = :
    file.encoding.pkg = sun.io
    sun.java.launcher = SUN_STANDARD
    user.country = US
    sun.os.patch.level = unknown
    user.dir = /Users/samrose/Desktop/rubylogistics/java-astar-routing
    classworlds.conf = /usr/share/maven/bin/m2.conf
    sun.jnu.encoding = MacRoman
    sun.management.compiler = HotSpot 64-Bit Tiered Compilers
    http.nonProxyHosts = local|*.local|169.254/16|*.169.254/16
    user.home = /Users/samrose
    user.timezone = America/New_York
    file.encoding = MacRoman
    user.name = samrose
    sun.java.command = org.codehaus.plexus.classworlds.launcher.Launcher clean compile exec:java -Dexec.mainClass=org.neo4j.examples.astarrouting.AStarRouting
    sun.arch.data.model = 64
    user.language = en
    awt.toolkit = apple.awt.CToolkit
    maven.home = /usr/share/maven
    file.separator = /
    sun.io.unicode.encoding = UnicodeLittle
    sun.cpu.endian = little
    mrj.version = 1070.1.6.0_33-424
    socksNonProxyHosts = local|*.local|169.254/16|*.169.254/16
    ftp.nonProxyHosts = local|*.local|169.254/16|*.169.254/16
    sun.cpu.isalist = 
2012-07-20 18:45:34.575+0000: --- STARTUP diagnostics END ---
2012-07-20 18:45:34.637+0000: Extension org.neo4j.kernel.KernelExtension[kernel jmx] loaded ok
2012-07-20 18:45:34.644+0000: Extension org.neo4j.kernel.KernelExtension[kernel udc] loaded ok
2012-07-20 18:45:34.648+0000: --- STARTUP diagnostics for KernelDiagnostics:Versions START ---
2012-07-20 18:45:34.648+0000: Graph Database: org.neo4j.kernel.EmbeddedGraphDatabase StoreId[time:1342809934411, id:2519345375305592916, store version: 13561656364791302]
2012-07-20 18:45:34.648+0000: Kernel version: Neo4j - Graph Database Kernel 1.8.M05
2012-07-20 18:45:34.648+0000: Neo4j component versions:
2012-07-20 18:45:34.649+0000:   Neo4j - Graph Database Kernel 1.8.M05
2012-07-20 18:45:34.649+0000: --- STARTUP diagnostics for KernelDiagnostics:Versions END ---
2012-07-20 18:45:34.652+0000: --- STARTUP diagnostics for NEO_STORE_VERSIONS START ---
2012-07-20 18:45:34.652+0000: Store versions:
    Store versions:
      NeoStore v0.A.0
      NodeStore v0.A.0
      RelationshipStore v0.A.0
      RelationshipTypeStore v0.A.0
      PropertyStore v0.A.0
      PropertyIndexStore v0.A.0
      StringPropertyStore v0.A.0
      ArrayPropertyStore v0.A.0
2012-07-20 18:45:34.652+0000: --- STARTUP diagnostics for NEO_STORE_VERSIONS END ---
2012-07-20 18:45:34.652+0000: --- STARTUP diagnostics for NEO_STORE_ID_USAGE START ---
2012-07-20 18:45:34.653+0000: Id usage:
    Id usage:
      NodeStore: used=1 high=0
      RelationshipStore: used=0 high=-1
      RelationshipTypeStore: used=0 high=-1
      PropertyStore: used=0 high=-1
      PropertyIndexStore: used=0 high=-1
      StringPropertyStore: used=1 high=0
      ArrayPropertyStore: used=1 high=0
2012-07-20 18:45:34.653+0000: --- STARTUP diagnostics for NEO_STORE_ID_USAGE END ---
2012-07-20 18:45:34.653+0000: --- STARTUP diagnostics for KernelDiagnostics:StoreFiles START ---
2012-07-20 18:45:34.653+0000: Storage files:
    active_tx_log: 11.00 B
    index:
      lucene-store.db: 40.00 B
      lucene.log.1: 16.00 B
      lucene.log.active: 4.00 B
    - Total: 60.00 B
    lock: 0.00 B
    messages.log: 11.40 kB
    neostore: 54.00 B
    neostore.id: 9.00 B
    neostore.nodestore.db: 9.00 B
    neostore.nodestore.db.id: 9.00 B
    neostore.propertystore.db: 0.00 B
    neostore.propertystore.db.arrays: 128.00 B
    neostore.propertystore.db.arrays.id: 9.00 B
    neostore.propertystore.db.id: 9.00 B
    neostore.propertystore.db.index: 0.00 B
    neostore.propertystore.db.index.id: 9.00 B
    neostore.propertystore.db.index.keys: 38.00 B
    neostore.propertystore.db.index.keys.id: 9.00 B
    neostore.propertystore.db.strings: 128.00 B
    neostore.propertystore.db.strings.id: 9.00 B
    neostore.relationshipstore.db: 0.00 B
    neostore.relationshipstore.db.id: 9.00 B
    neostore.relationshiptypestore.db: 0.00 B
    neostore.relationshiptypestore.db.id: 9.00 B
    neostore.relationshiptypestore.db.names: 38.00 B
    neostore.relationshiptypestore.db.names.id: 9.00 B
    nioneo_logical.log.1: 16.00 B
    nioneo_logical.log.active: 4.00 B
    tm_tx_log.1: 0.00 B
2012-07-20 18:45:34.657+0000: --- STARTUP diagnostics for KernelDiagnostics:StoreFiles END ---
2012-07-20 18:45:34.658+0000: Started - database is now available
2012-07-20 18:45:34.660+0000: GC Monitor started. 
2012-07-20 18:45:35.501+0000: Stopping - database is now unavailable
2012-07-20 18:45:35.504+0000: TM shutting down
2012-07-20 18:45:35.505+0000: Closed log /Users/samrose/Desktop/rubylogistics/java-astar-routing/target/neo4j-db/index/lucene.log
2012-07-20 18:45:35.506+0000: Closed log /Users/samrose/Desktop/rubylogistics/java-astar-routing/target/neo4j-db/nioneo_logical.log
2012-07-20 18:45:35.514+0000: NeoStore closed
2012-07-20 18:45:35.514+0000: --- SHUTDOWN diagnostics START ---
2012-07-20 18:45:35.514+0000: --- SHUTDOWN diagnostics END ---
